{
  "stats": {
    "suites": 1,
    "tests": 1,
    "passes": 1,
    "pending": 0,
    "failures": 0,
    "start": "2021-06-29T13:35:05.127Z",
    "end": "2021-06-29T13:35:10.463Z",
    "duration": 5336,
    "testsRegistered": 1,
    "passPercent": 100,
    "pendingPercent": 0,
    "other": 0,
    "hasOther": false,
    "skipped": 0,
    "hasSkipped": false
  },
  "results": [
    {
      "uuid": "363d88b8-b7fa-4d8c-81a1-eb215b8b0708",
      "title": "",
      "fullFile": "cypress/integration/examples/test6.js",
      "file": "cypress/integration/examples/test6.js",
      "beforeHooks": [],
      "afterHooks": [],
      "tests": [],
      "suites": [
        {
          "uuid": "cb02f49a-e872-4a90-bb56-7b3786f4fa62",
          "title": "My First Test",
          "fullFile": "",
          "file": "",
          "beforeHooks": [],
          "afterHooks": [],
          "tests": [
            {
              "title": "Does not do much!",
              "fullTitle": "My First Test Does not do much!",
              "timedOut": null,
              "duration": 3451,
              "state": "passed",
              "speed": "slow",
              "pass": true,
              "fail": false,
              "pending": false,
              "context": null,
              "code": "cy.visit('https://rahulshettyacademy.com/seleniumPractise/#/');\ncy.get('.search-keyword').type('ca');\ncy.get('.product:visible').should('have.length', 4);\ncy.get('.products:visible').find('.product').each(($el, index, $list) => {\n  const vegname = $el.find('h4.product-name').text();\n  console.log(vegname);\n  if (vegname.includes('Cashews')) {\n    $el.find('button').click();\n  }\n});",
              "err": {},
              "uuid": "743b007f-d327-4790-af24-a306c93ca37a",
              "parentUUID": "cb02f49a-e872-4a90-bb56-7b3786f4fa62",
              "isHook": false,
              "skipped": false
            }
          ],
          "suites": [],
          "passes": [
            "743b007f-d327-4790-af24-a306c93ca37a"
          ],
          "failures": [],
          "pending": [],
          "skipped": [],
          "duration": 3451,
          "root": false,
          "rootEmpty": false,
          "_timeout": 2000
        }
      ],
      "passes": [],
      "failures": [],
      "pending": [],
      "skipped": [],
      "duration": 0,
      "root": true,
      "rootEmpty": true,
      "_timeout": 2000
    }
  ],
  "meta": {
    "mocha": {
      "version": "7.0.1"
    },
    "mochawesome": {
      "options": {
        "quiet": false,
        "reportFilename": "mochawesome",
        "saveHtml": true,
        "saveJson": true,
        "consoleReporter": "spec",
        "useInlineDiffs": false,
        "code": true
      },
      "version": "6.2.2"
    },
    "marge": {
      "options": null,
      "version": "5.2.0"
    }
  }
}